<?xml version="1.0" encoding="UTF-8"?>
<!-- Generated by org.testng.reporters.JUnitXMLReporter -->
<testsuite hostname="IBM847-PC0488LH" ignored="5" name="HeiPort_Login_GDA" tests="2" failures="0" timestamp="28 Dec 2018 07:10:14 GMT" time="11.592" errors="0">
  <testcase name="openBrowser" time="4.266" classname="com.mendix.test.LoginScript"/>
  <testcase name="loginAsGDA" time="7.323" classname="com.mendix.test.LoginScript"/>
  <testcase name="tasKill" time="0.0" classname="com.mendix.test.LoginScript">
    <ignored/>
  </testcase> <!-- tasKill -->
  <testcase name="loginAsLDR" time="0.0" classname="com.mendix.test.LoginScript">
    <ignored/>
  </testcase> <!-- loginAsLDR -->
  <testcase name="loginAsLDSVendor" time="0.0" classname="com.mendix.test.LoginScript">
    <ignored/>
  </testcase> <!-- loginAsLDSVendor -->
  <testcase name="loginAsLDRVendor" time="0.0" classname="com.mendix.test.LoginScript">
    <ignored/>
  </testcase> <!-- loginAsLDRVendor -->
  <testcase name="loginAsGBDA" time="0.0" classname="com.mendix.test.LoginScript">
    <ignored/>
  </testcase> <!-- loginAsGBDA -->
</testsuite> <!-- HeiPort_Login_GDA -->
