<?xml version="1.0" encoding="UTF-8"?>
<!-- Generated by org.testng.reporters.JUnitXMLReporter -->
<testsuite hostname="IBM847-PC0488LH" ignored="7" name="Process_Information_Check After Submit" tests="1" failures="0" timestamp="13 Dec 2018 12:21:17 GMT" time="58.49" errors="0">
  <testcase name="Process_Information_Check" time="58.453" classname="com.mendix.test.VendorScript"/>
  <testcase name="Vendor_Create_Review_Global_Data_Approve_GDA" time="0.0" classname="com.mendix.test.VendorScript">
    <ignored/>
  </testcase> <!-- Vendor_Create_Review_Global_Data_Approve_GDA -->
  <testcase name="Vendor_Create_Fill_in_Data_Save_as_Draft_Submit" time="0.0" classname="com.mendix.test.VendorScript">
    <ignored/>
  </testcase> <!-- Vendor_Create_Fill_in_Data_Save_as_Draft_Submit -->
  <testcase name="Vendor_Create_Fill_In_Data" time="0.0" classname="com.mendix.test.VendorScript">
    <ignored/>
  </testcase> <!-- Vendor_Create_Fill_In_Data -->
  <testcase name="Vendor_Create_Review_Global_Data_Reject_GDA" time="0.0" classname="com.mendix.test.VendorScript">
    <ignored/>
  </testcase> <!-- Vendor_Create_Review_Global_Data_Reject_GDA -->
  <testcase name="Vendor_Create_Fill_In_Questionnaire" time="0.0" classname="com.mendix.test.VendorScript">
    <ignored/>
  </testcase> <!-- Vendor_Create_Fill_In_Questionnaire -->
  <testcase name="Vendor_Create_Fill_In_Data_SavaASDraft" time="0.0" classname="com.mendix.test.VendorScript">
    <ignored/>
  </testcase> <!-- Vendor_Create_Fill_In_Data_SavaASDraft -->
  <testcase name="Vendor_Create_Syndication_Check" time="0.0" classname="com.mendix.test.VendorScript">
    <ignored/>
  </testcase> <!-- Vendor_Create_Syndication_Check -->
</testsuite> <!-- Process_Information_Check After Submit -->
