<?xml version="1.0" encoding="UTF-8"?>
<!-- Generated by org.testng.reporters.JUnitXMLReporter -->
<testsuite hostname="IBM847-PC0488LH" ignored="11" name="Vendor_Change_DashBoard" tests="1" failures="1" timestamp="27 Dec 2018 12:51:41 GMT" time="0.737" errors="0">
  <testcase name="Vendor_Change_DashBoard" time="0.731" classname="com.mendix.test.VendorScript">
    <failure type="org.testng.internal.reflect.MethodMatcherException" message="
Data provider mismatch
Method: Vendor_Change_DashBoard([])
Arguments: [(java.util.LinkedHashMap) {Fields=AT001OC, Execute=Y, Vendor Type Descrption=, Global Vendor ID=, Operating Company=AT001OC, Zycus Global Supplier Identifier=, Account Group=Y001, Business Unit=, Zycus Supplier ID=, Zycus Address Internal ID=, =, Name:=, Name1=Ardagh Metal Beverage Trading Austria, Name2=GmbH, Name3=, Name4=, Search Term 1=ARDAGH METAL, Search Term 2=PRODUCTION LOCATION, Address:=, Street 2=, Street 3=, Street=, House Number Supplement=Hauptstrasse, Street 4=, Street 5=, Postal Code=, Country=2551, Language Key=AT, Austria, C/O=EN, District=, P.O. Box=, Other City=, Company Postal Code=, Delivery Service Type=, House number=, City=11, Region=Enzesfeld-Lindabrunn, Diff City=NOE, P.O. Box Postal Code=, Other Country=, Other Region=, P.O. Box WO Number=, Delivery Service Number=No, Tax and Legal:=, Tax Information Number 1=, Tax Information Number 3=, VAT Registration Number=, Subject To Equalization Tax=, Credit Information Number=ATU70583503, Industry Key=No, International Location Number Part 1=301536819, Check Digit for the International Location Number=Y001, Tax Jurisdiction=, Tax Information Number 2=, Tax Information Number 4=, Subject To Tax On Sales Purchase=, Is Business Partner a Natural Person=, Person/Corporation Code=Yes, Production location=No, Corporate Group=1, International Location Number Part 2=Yes, Standard Carrier Access Code=PR-PACK, Additional VAT Registration Number (County Specific) 1=, Global Vendor Request=, Additional VAT Registration Number (County Specific) 2=, Additional VAT Registration Number (County Specific) 3=Ardagh Metal Beverage Trading Austria, Person Subject to with holding Tax=CZ683913887, Date Of Birth=CZ, Profession=, Place of Birth=Ardagh Metal Beverage Trading Austria, Communication:=SI46983198, Telephone 1=SI, Vendor=, Dialling Code and Number =Ardagh Metal Beverage Trading Austria, Extension=BG3076412293, Phone Type=BG, Telephone 2=, Telephone 3=, Email 1=, Email =, Email 2=, Email 3=, Fax 1=, Fax Number=Ardagh Metal Beverage Trading Austria, Fax Extension=AT, Fax 2=02256 8080, Fax 3=, Attachments:=1, Attach=, Process Information:=, Comments=}]">
      <![CDATA[org.testng.internal.reflect.MethodMatcherException: 
Data provider mismatch
Method: Vendor_Change_DashBoard([])
Arguments: [(java.util.LinkedHashMap) {Fields=AT001OC, Execute=Y, Vendor Type Descrption=, Global Vendor ID=, Operating Company=AT001OC, Zycus Global Supplier Identifier=, Account Group=Y001, Business Unit=, Zycus Supplier ID=, Zycus Address Internal ID=, =, Name:=, Name1=Ardagh Metal Beverage Trading Austria, Name2=GmbH, Name3=, Name4=, Search Term 1=ARDAGH METAL, Search Term 2=PRODUCTION LOCATION, Address:=, Street 2=, Street 3=, Street=, House Number Supplement=Hauptstrasse, Street 4=, Street 5=, Postal Code=, Country=2551, Language Key=AT, Austria, C/O=EN, District=, P.O. Box=, Other City=, Company Postal Code=, Delivery Service Type=, House number=, City=11, Region=Enzesfeld-Lindabrunn, Diff City=NOE, P.O. Box Postal Code=, Other Country=, Other Region=, P.O. Box WO Number=, Delivery Service Number=No, Tax and Legal:=, Tax Information Number 1=, Tax Information Number 3=, VAT Registration Number=, Subject To Equalization Tax=, Credit Information Number=ATU70583503, Industry Key=No, International Location Number Part 1=301536819, Check Digit for the International Location Number=Y001, Tax Jurisdiction=, Tax Information Number 2=, Tax Information Number 4=, Subject To Tax On Sales Purchase=, Is Business Partner a Natural Person=, Person/Corporation Code=Yes, Production location=No, Corporate Group=1, International Location Number Part 2=Yes, Standard Carrier Access Code=PR-PACK, Additional VAT Registration Number (County Specific) 1=, Global Vendor Request=, Additional VAT Registration Number (County Specific) 2=, Additional VAT Registration Number (County Specific) 3=Ardagh Metal Beverage Trading Austria, Person Subject to with holding Tax=CZ683913887, Date Of Birth=CZ, Profession=, Place of Birth=Ardagh Metal Beverage Trading Austria, Communication:=SI46983198, Telephone 1=SI, Vendor=, Dialling Code and Number =Ardagh Metal Beverage Trading Austria, Extension=BG3076412293, Phone Type=BG, Telephone 2=, Telephone 3=, Email 1=, Email =, Email 2=, Email 3=, Fax 1=, Fax Number=Ardagh Metal Beverage Trading Austria, Fax Extension=AT, Fax 2=02256 8080, Fax 3=, Attachments:=1, Attach=, Process Information:=, Comments=}]
... Removed 20 stack frames]]>
    </failure>
  </testcase> <!-- Vendor_Change_DashBoard -->
  <testcase name="Vendor_Create_Review_Global_Data_Approve_GDA" time="0.0" classname="com.mendix.test.VendorScript">
    <ignored/>
  </testcase> <!-- Vendor_Create_Review_Global_Data_Approve_GDA -->
  <testcase name="Vendor_Change_Fill_In_Data" time="0.0" classname="com.mendix.test.VendorScript">
    <ignored/>
  </testcase> <!-- Vendor_Change_Fill_In_Data -->
  <testcase name="Vendor_Create_Fill_in_Data_Save_as_Draft_Submit" time="0.0" classname="com.mendix.test.VendorScript">
    <ignored/>
  </testcase> <!-- Vendor_Create_Fill_in_Data_Save_as_Draft_Submit -->
  <testcase name="Create_Vendor_Rejections_with_Discard" time="0.0" classname="com.mendix.test.VendorScript">
    <ignored/>
  </testcase> <!-- Create_Vendor_Rejections_with_Discard -->
  <testcase name="Vendor_Create_Fill_In_Data" time="0.0" classname="com.mendix.test.VendorScript">
    <ignored/>
  </testcase> <!-- Vendor_Create_Fill_In_Data -->
  <testcase name="Vendor_Create_Review_Global_Data_Reject_GDA" time="0.0" classname="com.mendix.test.VendorScript">
    <ignored/>
  </testcase> <!-- Vendor_Create_Review_Global_Data_Reject_GDA -->
  <testcase name="Process_Information_Check" time="0.0" classname="com.mendix.test.VendorScript">
    <ignored/>
  </testcase> <!-- Process_Information_Check -->
  <testcase name="Vendor_Create_Fill_In_Questionnaire" time="0.0" classname="com.mendix.test.VendorScript">
    <ignored/>
  </testcase> <!-- Vendor_Create_Fill_In_Questionnaire -->
  <testcase name="Vendor_Create_Fill_In_Data_SavaASDraft" time="0.0" classname="com.mendix.test.VendorScript">
    <ignored/>
  </testcase> <!-- Vendor_Create_Fill_In_Data_SavaASDraft -->
  <testcase name="Vendor_Create_Syndication_Check" time="0.0" classname="com.mendix.test.VendorScript">
    <ignored/>
  </testcase> <!-- Vendor_Create_Syndication_Check -->
  <testcase name="Process_Information_Check_Discard" time="0.0" classname="com.mendix.test.VendorScript">
    <ignored/>
  </testcase> <!-- Process_Information_Check_Discard -->
</testsuite> <!-- Vendor_Change_DashBoard -->
