<?xml version="1.0" encoding="UTF-8"?>
<!-- Generated by org.testng.reporters.JUnitXMLReporter -->
<testsuite hostname="IBM847-PC0488LH" ignored="11" name="Vendor_Create_Review_Local_Data_Reject_LDS" tests="1" failures="0" timestamp="19 Dec 2018 06:56:01 GMT" time="65.468" errors="0">
  <testcase name="Vendor_Create_Review_Local_Data_Reject_LDS" time="65.427" classname="com.mendix.test.VendorScript_NAV"/>
  <testcase name="Vendor_Create_Fill_In_Data_SavaASDraft" time="0.0" classname="com.mendix.test.VendorScript_NAV">
    <ignored/>
  </testcase> <!-- Vendor_Create_Fill_In_Data_SavaASDraft -->
  <testcase name="Vendor_Create_Fill_in_Data_Save_as_Draft_Submit" time="0.0" classname="com.mendix.test.VendorScript_NAV">
    <ignored/>
  </testcase> <!-- Vendor_Create_Fill_in_Data_Save_as_Draft_Submit -->
  <testcase name="Process_Information_Check" time="0.0" classname="com.mendix.test.VendorScript_NAV">
    <ignored/>
  </testcase> <!-- Process_Information_Check -->
  <testcase name="Vendor_Create_Fill_In_Questionnaire" time="0.0" classname="com.mendix.test.VendorScript_NAV">
    <ignored/>
  </testcase> <!-- Vendor_Create_Fill_In_Questionnaire -->
  <testcase name="Vendor_Create_Review_Local_Data_Approve_LDS" time="0.0" classname="com.mendix.test.VendorScript_NAV">
    <ignored/>
  </testcase> <!-- Vendor_Create_Review_Local_Data_Approve_LDS -->
  <testcase name="Process_Information_Check_Discard" time="0.0" classname="com.mendix.test.VendorScript_NAV">
    <ignored/>
  </testcase> <!-- Process_Information_Check_Discard -->
  <testcase name="Create_Vendor_Rejections_with_Discard" time="0.0" classname="com.mendix.test.VendorScript_NAV">
    <ignored/>
  </testcase> <!-- Create_Vendor_Rejections_with_Discard -->
  <testcase name="Vendor_Create_Syndication_Check" time="0.0" classname="com.mendix.test.VendorScript_NAV">
    <ignored/>
  </testcase> <!-- Vendor_Create_Syndication_Check -->
  <testcase name="Vendor_Create_Fill_In_Data_Global_Local_NAV" time="0.0" classname="com.mendix.test.VendorScript_NAV">
    <ignored/>
  </testcase> <!-- Vendor_Create_Fill_In_Data_Global_Local_NAV -->
  <testcase name="Vendor_Create_Review_Global_Data_Reject_GDA" time="0.0" classname="com.mendix.test.VendorScript_NAV">
    <ignored/>
  </testcase> <!-- Vendor_Create_Review_Global_Data_Reject_GDA -->
  <testcase name="Vendor_Create_Review_Global_Data_Approve_GDA" time="0.0" classname="com.mendix.test.VendorScript_NAV">
    <ignored/>
  </testcase> <!-- Vendor_Create_Review_Global_Data_Approve_GDA -->
</testsuite> <!-- Vendor_Create_Review_Local_Data_Reject_LDS -->
