<?xml version="1.0" encoding="UTF-8"?>
<!-- Generated by org.testng.reporters.JUnitXMLReporter -->
<testsuite hostname="IBM847-PC0488LH" ignored="2" name="HeiPort_Login_LDR_Submit" tests="3" failures="1" timestamp="27 Nov 2018 07:44:44 GMT" time="20.115" errors="0">
  <testcase name="tasKill" time="0.051" classname="com.mendix.test.LoginScript"/>
  <testcase name="openBrowser" time="20.05" classname="com.mendix.test.LoginScript"/>
  <testcase name="loginAsLDR" time="0.01" classname="com.mendix.test.LoginScript">
    <failure type="java.lang.StringIndexOutOfBoundsException" message="String index out of range: 100">
      <![CDATA[java.lang.StringIndexOutOfBoundsException: String index out of range: 100
at java.lang.String.substring(Unknown Source)
at com.mendix.util.ResultUtil.report(ResultUtil.java:49)
at com.mendix.tool.Textbox.click(Textbox.java:56)
at com.mendix.page.LoginPage.login(LoginPage.java:48)
at com.mendix.test.LoginScript.loginAsLDR(LoginScript.java:56)
... Removed 25 stack frames]]>
    </failure>
  </testcase> <!-- loginAsLDR -->
  <testcase name="loginAsGDA" time="0.0" classname="com.mendix.test.LoginScript">
    <ignored/>
  </testcase> <!-- loginAsGDA -->
  <testcase name="loginAsGBDA" time="0.0" classname="com.mendix.test.LoginScript">
    <ignored/>
  </testcase> <!-- loginAsGBDA -->
</testsuite> <!-- HeiPort_Login_LDR_Submit -->
