<?xml version="1.0" encoding="UTF-8"?>
<!-- Generated by org.testng.reporters.JUnitXMLReporter -->
<testsuite hostname="IBM847-PC0488LH" ignored="5" name="Process_Information_Check" tests="0" failures="0" timestamp="27 Nov 2018 07:44:44 GMT" time="0.098" errors="0">
  <testcase name="Process_Information_Check" time="0.0" classname="com.mendix.test.MaterialScript">
    <ignored/>
  </testcase> <!-- Process_Information_Check -->
  <testcase name="Material_Create_Fill_In_Data_Save_as_draft" time="0.0" classname="com.mendix.test.MaterialScript">
    <ignored/>
  </testcase> <!-- Material_Create_Fill_In_Data_Save_as_draft -->
  <testcase name="Material_Create_Fill_In_Data" time="0.0" classname="com.mendix.test.MaterialScript">
    <ignored/>
  </testcase> <!-- Material_Create_Fill_In_Data -->
  <testcase name="Material_Create_Fill_In_Questionnaire" time="0.0" classname="com.mendix.test.MaterialScript">
    <ignored/>
  </testcase> <!-- Material_Create_Fill_In_Questionnaire -->
  <testcase name="Material_Create_Review_Global_Data_Approve_GDA" time="0.0" classname="com.mendix.test.MaterialScript">
    <ignored/>
  </testcase> <!-- Material_Create_Review_Global_Data_Approve_GDA -->
</testsuite> <!-- Process_Information_Check -->
