<?xml version="1.0" encoding="UTF-8"?>
<!-- Generated by org.testng.reporters.JUnitXMLReporter -->
<testsuite hostname="IBM847-PC0488LH" ignored="4" name="HeiPort_Login_LDR" tests="3" failures="0" timestamp="27 Dec 2018 13:02:09 GMT" time="13.648" errors="0">
  <testcase name="tasKill" time="0.044" classname="com.mendix.test.LoginScript"/>
  <testcase name="openBrowser" time="6.101" classname="com.mendix.test.LoginScript"/>
  <testcase name="loginAsLDRVendor" time="7.48" classname="com.mendix.test.LoginScript"/>
  <testcase name="loginAsLDR" time="0.0" classname="com.mendix.test.LoginScript">
    <ignored/>
  </testcase> <!-- loginAsLDR -->
  <testcase name="loginAsGDA" time="0.0" classname="com.mendix.test.LoginScript">
    <ignored/>
  </testcase> <!-- loginAsGDA -->
  <testcase name="loginAsLDSVendor" time="0.0" classname="com.mendix.test.LoginScript">
    <ignored/>
  </testcase> <!-- loginAsLDSVendor -->
  <testcase name="loginAsGBDA" time="0.0" classname="com.mendix.test.LoginScript">
    <ignored/>
  </testcase> <!-- loginAsGBDA -->
</testsuite> <!-- HeiPort_Login_LDR -->
