<?xml version="1.0" encoding="UTF-8"?>
<!-- Generated by org.testng.reporters.JUnitXMLReporter -->
<testsuite hostname="IBM847-PC0488LH" ignored="3" name="HeiPort_Login_GDA" tests="2" failures="1" timestamp="26 Nov 2018 12:12:42 GMT" time="6.683" errors="0">
  <testcase name="openBrowser" time="4.678" classname="com.mendix.test.LoginScript"/>
  <testcase name="loginAsGDA" time="2.0" classname="com.mendix.test.LoginScript">
    <failure type="java.lang.AssertionError" message="expected [true] but found [false]">
      <![CDATA[java.lang.AssertionError: expected [true] but found [false]
at com.mendix.test.LoginScript.loginAsGDA(LoginScript.java:72)
... Removed 29 stack frames]]>
    </failure>
  </testcase> <!-- loginAsGDA -->
  <testcase name="tasKill" time="0.0" classname="com.mendix.test.LoginScript">
    <ignored/>
  </testcase> <!-- tasKill -->
  <testcase name="loginAsLDR" time="0.0" classname="com.mendix.test.LoginScript">
    <ignored/>
  </testcase> <!-- loginAsLDR -->
  <testcase name="loginAsGBDA" time="0.0" classname="com.mendix.test.LoginScript">
    <ignored/>
  </testcase> <!-- loginAsGBDA -->
</testsuite> <!-- HeiPort_Login_GDA -->
