<?xml version="1.0" encoding="UTF-8"?>
<!-- Generated by org.testng.reporters.JUnitXMLReporter -->
<testsuite hostname="IBM847-PC0488LH" ignored="3" name="HeiPort_Login_LDR" tests="2" failures="0" timestamp="04 Dec 2018 09:28:58 GMT" time="5.673" errors="0">
  <testcase name="tasKill" time="0.048" classname="com.mendix.test.LoginScript"/>
  <testcase name="openBrowser" time="5.6" classname="com.mendix.test.LoginScript"/>
  <testcase name="loginAsLDR" time="0.0" classname="com.mendix.test.LoginScript">
    <ignored/>
  </testcase> <!-- loginAsLDR -->
  <testcase name="loginAsGDA" time="0.0" classname="com.mendix.test.LoginScript">
    <ignored/>
  </testcase> <!-- loginAsGDA -->
  <testcase name="loginAsGBDA" time="0.0" classname="com.mendix.test.LoginScript">
    <ignored/>
  </testcase> <!-- loginAsGBDA -->
</testsuite> <!-- HeiPort_Login_LDR -->
