<?xml version="1.0" encoding="UTF-8"?>
<!-- Generated by org.testng.reporters.JUnitXMLReporter -->
<testsuite hostname="IBM847-PC0488LH" ignored="5" name="Material_Create_Fill_In_Data" tests="1" failures="1" timestamp="26 Nov 2018 12:12:34 GMT" time="0.011" errors="0">
  <testcase name="Material_Create_Fill_In_Data" time="0.0" classname="com.mendix.test.MaterialScript">
    <failure type="org.testng.TestNGException" message="
Found two providers called &amp;apos;CreateMaterial_Fill_In&amp;apos; on class com.mendix.util.DataProviderUtil$staticProviderClass">
      <![CDATA[org.testng.TestNGException: 
Found two providers called 'CreateMaterial_Fill_In' on class com.mendix.util.DataProviderUtil$staticProviderClass
... Removed 23 stack frames]]>
    </failure>
  </testcase> <!-- Material_Create_Fill_In_Data -->
  <testcase name="Process_Information_Check" time="0.0" classname="com.mendix.test.MaterialScript">
    <ignored/>
  </testcase> <!-- Process_Information_Check -->
  <testcase name="Material_Create_Fill_In_Data_Save_as_draft" time="0.0" classname="com.mendix.test.MaterialScript">
    <ignored/>
  </testcase> <!-- Material_Create_Fill_In_Data_Save_as_draft -->
  <testcase name="Material_Create_Fill_In_Questionnaire" time="0.0" classname="com.mendix.test.MaterialScript">
    <ignored/>
  </testcase> <!-- Material_Create_Fill_In_Questionnaire -->
  <testcase name="Material_Create_Fill_in_Data_Save_as_Draft_Submit" time="0.0" classname="com.mendix.test.MaterialScript">
    <ignored/>
  </testcase> <!-- Material_Create_Fill_in_Data_Save_as_Draft_Submit -->
  <testcase name="Material_Create_Review_Global_Data_Approve_GDA" time="0.0" classname="com.mendix.test.MaterialScript">
    <ignored/>
  </testcase> <!-- Material_Create_Review_Global_Data_Approve_GDA -->
</testsuite> <!-- Material_Create_Fill_In_Data -->
