<?xml version="1.0" encoding="UTF-8"?>
<!-- Generated by org.testng.reporters.JUnitXMLReporter -->
<testsuite hostname="IBM847-PC0488LH" ignored="5" name="Material_Create_Fill in questionnaire" tests="1" failures="0" timestamp="26 Nov 2018 12:12:34 GMT" time="25.795" errors="0">
  <testcase name="Material_Create_Fill_In_Questionnaire" time="25.792" classname="com.mendix.test.MaterialScript"/>
  <testcase name="Process_Information_Check" time="0.0" classname="com.mendix.test.MaterialScript">
    <ignored/>
  </testcase> <!-- Process_Information_Check -->
  <testcase name="Material_Create_Fill_In_Data_Save_as_draft" time="0.0" classname="com.mendix.test.MaterialScript">
    <ignored/>
  </testcase> <!-- Material_Create_Fill_In_Data_Save_as_draft -->
  <testcase name="Material_Create_Fill_In_Data" time="0.0" classname="com.mendix.test.MaterialScript">
    <ignored/>
  </testcase> <!-- Material_Create_Fill_In_Data -->
  <testcase name="Material_Create_Fill_in_Data_Save_as_Draft_Submit" time="0.0" classname="com.mendix.test.MaterialScript">
    <ignored/>
  </testcase> <!-- Material_Create_Fill_in_Data_Save_as_Draft_Submit -->
  <testcase name="Material_Create_Review_Global_Data_Approve_GDA" time="0.0" classname="com.mendix.test.MaterialScript">
    <ignored/>
  </testcase> <!-- Material_Create_Review_Global_Data_Approve_GDA -->
</testsuite> <!-- Material_Create_Fill in questionnaire -->
