<?xml version="1.0" encoding="UTF-8"?>
<!-- Generated by org.testng.reporters.JUnitXMLReporter -->
<testsuite hostname="IBM847-PC0488LH" ignored="3" name="HeiPort_Login_GBDA" tests="2" failures="0" timestamp="27 Nov 2018 14:04:13 GMT" time="12.227" errors="0">
  <testcase name="openBrowser" time="3.821" classname="com.mendix.test.LoginScript"/>
  <testcase name="loginAsGBDA" time="8.403" classname="com.mendix.test.LoginScript"/>
  <testcase name="tasKill" time="0.0" classname="com.mendix.test.LoginScript">
    <ignored/>
  </testcase> <!-- tasKill -->
  <testcase name="loginAsLDR" time="0.0" classname="com.mendix.test.LoginScript">
    <ignored/>
  </testcase> <!-- loginAsLDR -->
  <testcase name="loginAsGDA" time="0.0" classname="com.mendix.test.LoginScript">
    <ignored/>
  </testcase> <!-- loginAsGDA -->
</testsuite> <!-- HeiPort_Login_GBDA -->
