<?xml version="1.0" encoding="UTF-8"?>
<!-- Generated by org.testng.reporters.JUnitXMLReporter -->
<testsuite hostname="IBM847-PC0488LH" ignored="2" name="HeiPort_Login_LDR" tests="3" failures="0" timestamp="29 Nov 2018 09:21:22 GMT" time="11.593" errors="0">
  <testcase name="tasKill" time="0.043" classname="com.mendix.test.LoginScript"/>
  <testcase name="openBrowser" time="4.354" classname="com.mendix.test.LoginScript"/>
  <testcase name="loginAsLDR" time="7.171" classname="com.mendix.test.LoginScript"/>
  <testcase name="loginAsGDA" time="0.0" classname="com.mendix.test.LoginScript">
    <ignored/>
  </testcase> <!-- loginAsGDA -->
  <testcase name="loginAsGBDA" time="0.0" classname="com.mendix.test.LoginScript">
    <ignored/>
  </testcase> <!-- loginAsGBDA -->
</testsuite> <!-- HeiPort_Login_LDR -->
