<?xml version="1.0" encoding="UTF-8"?>
<!-- Generated by org.testng.reporters.JUnitXMLReporter -->
<testsuite hostname="IBM847-PC0488LH" ignored="3" name="HeiPort_Login_LDR" tests="3" failures="0" timestamp="06 Dec 2018 05:35:09 GMT" time="21.092" errors="0">
  <testcase name="tasKill" time="0.155" classname="com.mendix.test.LoginScript"/>
  <testcase name="openBrowser" time="8.383" classname="com.mendix.test.LoginScript"/>
  <testcase name="loginAsLDR" time="12.524" classname="com.mendix.test.LoginScript"/>
  <testcase name="loginAsGDA" time="0.0" classname="com.mendix.test.LoginScript">
    <ignored/>
  </testcase> <!-- loginAsGDA -->
  <testcase name="loginAsLDRVendor" time="0.0" classname="com.mendix.test.LoginScript">
    <ignored/>
  </testcase> <!-- loginAsLDRVendor -->
  <testcase name="loginAsGBDA" time="0.0" classname="com.mendix.test.LoginScript">
    <ignored/>
  </testcase> <!-- loginAsGBDA -->
</testsuite> <!-- HeiPort_Login_LDR -->
