<?xml version="1.0" encoding="UTF-8"?>
<testng-results skipped="0" failed="0" ignored="117" total="134" passed="17">
  <reporter-output>
  </reporter-output>
  <suite name="Create Vendor with Questionnaire with Global and Local and Bank_NAV" duration-ms="643711" started-at="2019-01-01T09:16:11Z" finished-at="2019-01-01T09:26:55Z">
    <groups>
    </groups>
    <test name="HeiPort_Login_LDR" duration-ms="11256" started-at="2019-01-01T09:16:11Z" finished-at="2019-01-01T09:16:22Z">
      <class name="com.mendix.test.LoginScript">
        <test-method status="PASS" signature="tasKill()[pri:0, instance:com.mendix.test.LoginScript@6ee52dcd]" name="tasKill" duration-ms="42" started-at="2019-01-01T09:16:11Z" finished-at="2019-01-01T09:16:11Z">
          <reporter-output>
          </reporter-output>
        </test-method> <!-- tasKill -->
        <test-method status="PASS" signature="openBrowser()[pri:0, instance:com.mendix.test.LoginScript@6ee52dcd]" name="openBrowser" duration-ms="4080" started-at="2019-01-01T09:16:11Z" finished-at="2019-01-01T09:16:15Z">
          <reporter-output>
          </reporter-output>
        </test-method> <!-- openBrowser -->
        <test-method status="PASS" signature="loginAsLDRVendor()[pri:0, instance:com.mendix.test.LoginScript@6ee52dcd]" name="loginAsLDRVendor" duration-ms="7109" started-at="2019-01-01T09:16:15Z" finished-at="2019-01-01T09:16:22Z">
          <reporter-output>
          </reporter-output>
        </test-method> <!-- loginAsLDRVendor -->
      </class> <!-- com.mendix.test.LoginScript -->
    </test> <!-- HeiPort_Login_LDR -->
    <test name="Vendor_Create_Fill_In_Questionnaire" duration-ms="30486" started-at="2019-01-01T09:16:23Z" finished-at="2019-01-01T09:16:53Z">
      <class name="com.mendix.test.VendorScript">
        <test-method status="PASS" signature="Vendor_Create_Fill_In_Questionnaire()[pri:0, instance:com.mendix.test.VendorScript@1a8a8f7c]" name="Vendor_Create_Fill_In_Questionnaire" duration-ms="30483" started-at="2019-01-01T09:16:23Z" finished-at="2019-01-01T09:16:53Z">
          <reporter-output>
          </reporter-output>
        </test-method> <!-- Vendor_Create_Fill_In_Questionnaire -->
      </class> <!-- com.mendix.test.VendorScript -->
    </test> <!-- Vendor_Create_Fill_In_Questionnaire -->
    <test name="Vendor_Create_Fill_In_Data_Global_Local_Bank_NAV" duration-ms="254553" started-at="2019-01-01T09:16:53Z" finished-at="2019-01-01T09:21:08Z">
      <class name="com.mendix.test.VendorScript_NAV">
        <test-method status="PASS" signature="Vendor_Create_Fill_In_Data_Global_Local_Bank_NAV(java.util.Map)[pri:0, instance:com.mendix.test.VendorScript_NAV@fad74ee]" name="Vendor_Create_Fill_In_Data_Global_Local_Bank_NAV" duration-ms="253626" started-at="2019-01-01T09:16:54Z" data-provider="Vendor_Create_Global_Disable_Bank_and_LocalData" finished-at="2019-01-01T09:21:08Z">
          <params>
            <param index="0">
              <value>
                <![CDATA[{Fields=AT001OC, Execute=Y, Vendor Type Descrption=, Global Vendor ID=, Operating Company=AT001OC, Zycus Global Supplier Identifier=, Account Group=Y001, Business Unit=, Zycus Supplier ID=, Zycus Address Internal ID=, =, Name:=, Name1=Ardagh Metal Beverage Trading Austria, Name2=GmbH, Name3=, Name4=, Search Term 1=ARDAGH METAL, Search Term 2=PRODUCTION LOCATION, Address:=, Street 2=, Street 3=, Street=, House Number Supplement=Hauptstrasse, Street 4=, Street 5=, Postal Code=, Country=2551, Language Key=AT, Austria, C/O=EN, District=, P.O. Box=, Other City=, Company Postal Code=, Delivery Service Type=, House number=, City=11, Region=Enzesfeld-Lindabrunn, Diff City=NOE, P.O. Box Postal Code=, Other Country=, Other Region=, P.O. Box WO Number=, Delivery Service Number=No, Tax and Legal:=, Tax Information Number 1=, Tax Information Number 3=, VAT Registration Number=, Subject To Equalization Tax=, Credit Information Number=ATU70583503, Industry Key=No, International Location Number Part 1=301536819, Check Digit for the International Location Number=Y001, Tax Jurisdiction=, Tax Information Number 2=, Tax Information Number 4=, Subject To Tax On Sales Purchase=, Is Business Partner a Natural Person=, Person/Corporation Code=Yes, Production location=No, Corporate Group=1, International Location Number Part 2=Yes, Standard Carrier Access Code=PR-PACK, Additional VAT Registration Number (County Specific) 1=, Global Vendor Request=, Additional VAT Registration Number (County Specific) 2=, Additional VAT Registration Number (County Specific) 3=Ardagh Metal Beverage Trading Austria, Person Subject to with holding Tax=CZ683913887, Date Of Birth=CZ, Profession=, Place of Birth=Ardagh Metal Beverage Trading Austria, Communication:=SI46983198, Telephone 1=SI, Vendor=, Dialling Code and Number =Ardagh Metal Beverage Trading Austria, Extension=BG3076412293, Phone Type=BG, Telephone 2=, Telephone 3=, Email 1=, Email =, Email 2=, Email 3=, Fax 1=, Fax Number=Ardagh Metal Beverage Trading Austria, Fax Extension=AT, Fax 2=02256 8080, Fax 3=, Attachments:=1, Attach=, Process Information:=, Comments=}]]>
              </value>
            </param>
          </params>
          <reporter-output>
          </reporter-output>
        </test-method> <!-- Vendor_Create_Fill_In_Data_Global_Local_Bank_NAV -->
      </class> <!-- com.mendix.test.VendorScript_NAV -->
    </test> <!-- Vendor_Create_Fill_In_Data_Global_Local_Bank_NAV -->
    <test name="Process_Information_Check GDA" duration-ms="54784" started-at="2019-01-01T09:21:08Z" finished-at="2019-01-01T09:22:02Z">
      <class name="com.mendix.test.VendorScript">
        <test-method status="PASS" signature="Process_Information_Check(java.util.Map)[pri:0, instance:com.mendix.test.VendorScript@3e57cd70]" name="Process_Information_Check" duration-ms="54727" started-at="2019-01-01T09:21:08Z" data-provider="Process_Information_Check" finished-at="2019-01-01T09:22:02Z">
          <params>
            <param index="0">
              <value>
                <![CDATA[{Iteration=1, Execute=Y, TestCase=CreateMaterial, RequestId=1389984, GlobalId=500884, MaterialNumber_AH1=, MaterialNumber_PE2=, Status=}]]>
              </value>
            </param>
          </params>
          <reporter-output>
          </reporter-output>
        </test-method> <!-- Process_Information_Check -->
      </class> <!-- com.mendix.test.VendorScript -->
    </test> <!-- Process_Information_Check GDA -->
    <test name="HeiPort_Login_LDS" duration-ms="11511" started-at="2019-01-01T09:22:02Z" finished-at="2019-01-01T09:22:14Z">
      <class name="com.mendix.test.LoginScript">
        <test-method status="PASS" signature="openBrowser()[pri:0, instance:com.mendix.test.LoginScript@6b9651f3]" name="openBrowser" duration-ms="4238" started-at="2019-01-01T09:22:02Z" finished-at="2019-01-01T09:22:07Z">
          <reporter-output>
          </reporter-output>
        </test-method> <!-- openBrowser -->
        <test-method status="PASS" signature="loginAsLDSVendor()[pri:0, instance:com.mendix.test.LoginScript@6b9651f3]" name="loginAsLDSVendor" duration-ms="7271" started-at="2019-01-01T09:22:07Z" finished-at="2019-01-01T09:22:14Z">
          <reporter-output>
          </reporter-output>
        </test-method> <!-- loginAsLDSVendor -->
      </class> <!-- com.mendix.test.LoginScript -->
    </test> <!-- HeiPort_Login_LDS -->
    <test name="Vendor_Create_Review_Local_Data_Approve_LDS" duration-ms="47675" started-at="2019-01-01T09:22:14Z" finished-at="2019-01-01T09:23:02Z">
      <class name="com.mendix.test.VendorScript_NAV">
        <test-method status="PASS" signature="Vendor_Create_Review_Local_Data_Approve_LDS(java.util.Map)[pri:0, instance:com.mendix.test.VendorScript_NAV@7ce6a65d]" name="Vendor_Create_Review_Local_Data_Approve_LDS" duration-ms="47634" started-at="2019-01-01T09:22:14Z" data-provider="Process_Information_Check" finished-at="2019-01-01T09:23:02Z">
          <params>
            <param index="0">
              <value>
                <![CDATA[{Iteration=1, Execute=Y, TestCase=CreateMaterial, RequestId=1389984, GlobalId=500884, MaterialNumber_AH1=, MaterialNumber_PE2=, Status=}]]>
              </value>
            </param>
          </params>
          <reporter-output>
          </reporter-output>
        </test-method> <!-- Vendor_Create_Review_Local_Data_Approve_LDS -->
      </class> <!-- com.mendix.test.VendorScript_NAV -->
    </test> <!-- Vendor_Create_Review_Local_Data_Approve_LDS -->
    <test name="Process_Information_Check_Approved_LDS" duration-ms="52290" started-at="2019-01-01T09:23:02Z" finished-at="2019-01-01T09:23:54Z">
      <class name="com.mendix.test.VendorScript">
        <test-method status="PASS" signature="Process_Information_Check(java.util.Map)[pri:0, instance:com.mendix.test.VendorScript@42d8062c]" name="Process_Information_Check" duration-ms="52259" started-at="2019-01-01T09:23:02Z" data-provider="Process_Information_Check" finished-at="2019-01-01T09:23:54Z">
          <params>
            <param index="0">
              <value>
                <![CDATA[{Iteration=1, Execute=Y, TestCase=CreateMaterial, RequestId=1389984, GlobalId=500884, MaterialNumber_AH1=, MaterialNumber_PE2=, Status=}]]>
              </value>
            </param>
          </params>
          <reporter-output>
          </reporter-output>
        </test-method> <!-- Process_Information_Check -->
      </class> <!-- com.mendix.test.VendorScript -->
    </test> <!-- Process_Information_Check_Approved_LDS -->
    <test name="HeiPort_Login_GDA" duration-ms="10966" started-at="2019-01-01T09:23:54Z" finished-at="2019-01-01T09:24:05Z">
      <class name="com.mendix.test.LoginScript">
        <test-method status="PASS" signature="openBrowser()[pri:0, instance:com.mendix.test.LoginScript@5bcea91b]" name="openBrowser" duration-ms="3969" started-at="2019-01-01T09:23:54Z" finished-at="2019-01-01T09:23:58Z">
          <reporter-output>
          </reporter-output>
        </test-method> <!-- openBrowser -->
        <test-method status="PASS" signature="loginAsGDA()[pri:0, instance:com.mendix.test.LoginScript@5bcea91b]" name="loginAsGDA" duration-ms="6993" started-at="2019-01-01T09:23:58Z" finished-at="2019-01-01T09:24:05Z">
          <reporter-output>
          </reporter-output>
        </test-method> <!-- loginAsGDA -->
      </class> <!-- com.mendix.test.LoginScript -->
    </test> <!-- HeiPort_Login_GDA -->
    <test name="Vendor_Create_Review_Global_Data_Approve_GDA" duration-ms="45601" started-at="2019-01-01T09:24:05Z" finished-at="2019-01-01T09:24:51Z">
      <class name="com.mendix.test.VendorScript">
        <test-method status="PASS" signature="Vendor_Create_Review_Global_Data_Approve_GDA(java.util.Map)[pri:0, instance:com.mendix.test.VendorScript@46daef40]" name="Vendor_Create_Review_Global_Data_Approve_GDA" duration-ms="45575" started-at="2019-01-01T09:24:05Z" data-provider="Process_Information_Check" finished-at="2019-01-01T09:24:51Z">
          <params>
            <param index="0">
              <value>
                <![CDATA[{Iteration=1, Execute=Y, TestCase=CreateMaterial, RequestId=1389984, GlobalId=500884, MaterialNumber_AH1=, MaterialNumber_PE2=, Status=}]]>
              </value>
            </param>
          </params>
          <reporter-output>
          </reporter-output>
        </test-method> <!-- Vendor_Create_Review_Global_Data_Approve_GDA -->
      </class> <!-- com.mendix.test.VendorScript -->
    </test> <!-- Vendor_Create_Review_Global_Data_Approve_GDA -->
    <test name="Process_Information_Check_Approved_GDA" duration-ms="57538" started-at="2019-01-01T09:24:51Z" finished-at="2019-01-01T09:25:48Z">
      <class name="com.mendix.test.VendorScript">
        <test-method status="PASS" signature="Process_Information_Check(java.util.Map)[pri:0, instance:com.mendix.test.VendorScript@7a3d45bd]" name="Process_Information_Check" duration-ms="57504" started-at="2019-01-01T09:24:51Z" data-provider="Process_Information_Check" finished-at="2019-01-01T09:25:48Z">
          <params>
            <param index="0">
              <value>
                <![CDATA[{Iteration=1, Execute=Y, TestCase=CreateMaterial, RequestId=1389984, GlobalId=500884, MaterialNumber_AH1=, MaterialNumber_PE2=, Status=}]]>
              </value>
            </param>
          </params>
          <reporter-output>
          </reporter-output>
        </test-method> <!-- Process_Information_Check -->
      </class> <!-- com.mendix.test.VendorScript -->
    </test> <!-- Process_Information_Check_Approved_GDA -->
    <test name="HeiPort_Login_LDR_Get GlobalID" duration-ms="11389" started-at="2019-01-01T09:25:48Z" finished-at="2019-01-01T09:25:59Z">
      <class name="com.mendix.test.LoginScript">
        <test-method status="PASS" signature="openBrowser()[pri:0, instance:com.mendix.test.LoginScript@3aeaafa6]" name="openBrowser" duration-ms="4325" started-at="2019-01-01T09:25:48Z" finished-at="2019-01-01T09:25:52Z">
          <reporter-output>
          </reporter-output>
        </test-method> <!-- openBrowser -->
        <test-method status="PASS" signature="loginAsLDRVendor()[pri:0, instance:com.mendix.test.LoginScript@3aeaafa6]" name="loginAsLDRVendor" duration-ms="7060" started-at="2019-01-01T09:25:52Z" finished-at="2019-01-01T09:25:59Z">
          <reporter-output>
          </reporter-output>
        </test-method> <!-- loginAsLDRVendor -->
      </class> <!-- com.mendix.test.LoginScript -->
    </test> <!-- HeiPort_Login_LDR_Get GlobalID -->
    <test name="Vendor_Create_Syndication_Check" duration-ms="55449" started-at="2019-01-01T09:25:59Z" finished-at="2019-01-01T09:26:55Z">
      <class name="com.mendix.test.LoginScript">
        <test-method status="PASS" signature="setup(org.testng.ITestContext)[pri:0, instance:com.mendix.test.LoginScript@3aeaafa6]" name="setup" is-config="true" duration-ms="141" started-at="2019-01-01T09:16:11Z" finished-at="2019-01-01T09:16:11Z">
          <params>
            <param index="0">
              <value>
                <![CDATA[org.testng.TestRunner@1ae924f1]]>
              </value>
            </param>
          </params>
          <reporter-output>
          </reporter-output>
        </test-method> <!-- setup -->
      </class> <!-- com.mendix.test.LoginScript -->
      <class name="com.mendix.test.VendorScript">
        <test-method status="PASS" signature="Vendor_Create_Syndication_Check(java.util.Map)[pri:0, instance:com.mendix.test.VendorScript@eafc191]" name="Vendor_Create_Syndication_Check" duration-ms="55415" started-at="2019-01-01T09:26:00Z" data-provider="Process_Information_Check" finished-at="2019-01-01T09:26:55Z">
          <params>
            <param index="0">
              <value>
                <![CDATA[{Iteration=1, Execute=Y, TestCase=CreateMaterial, RequestId=1389984, GlobalId=500884, MaterialNumber_AH1=, MaterialNumber_PE2=, Status=}]]>
              </value>
            </param>
          </params>
          <reporter-output>
          </reporter-output>
        </test-method> <!-- Vendor_Create_Syndication_Check -->
      </class> <!-- com.mendix.test.VendorScript -->
    </test> <!-- Vendor_Create_Syndication_Check -->
  </suite> <!-- Create Vendor with Questionnaire with Global and Local and Bank_NAV -->
</testng-results>
