<?xml version="1.0" encoding="UTF-8"?>
<!-- Generated by org.testng.reporters.JUnitXMLReporter -->
<testsuite hostname="IBM847-PC0488LH" ignored="4" name="HeiPort_Login_LDR" tests="3" failures="0" timestamp="01 Jan 2019 09:57:07 GMT" time="12.302" errors="0">
  <testcase name="tasKill" time="0.044" classname="com.mendix.test.LoginScript"/>
  <testcase name="openBrowser" time="5.117" classname="com.mendix.test.LoginScript"/>
  <testcase name="loginAsLDRVendor" time="7.117" classname="com.mendix.test.LoginScript"/>
  <testcase name="loginAsLDR" time="0.0" classname="com.mendix.test.LoginScript">
    <ignored/>
  </testcase> <!-- loginAsLDR -->
  <testcase name="loginAsGDA" time="0.0" classname="com.mendix.test.LoginScript">
    <ignored/>
  </testcase> <!-- loginAsGDA -->
  <testcase name="loginAsLDSVendor" time="0.0" classname="com.mendix.test.LoginScript">
    <ignored/>
  </testcase> <!-- loginAsLDSVendor -->
  <testcase name="loginAsGBDA" time="0.0" classname="com.mendix.test.LoginScript">
    <ignored/>
  </testcase> <!-- loginAsGBDA -->
</testsuite> <!-- HeiPort_Login_LDR -->
